<?xml version="1.0" encoding="UTF-8"?>
<!-- Generated by org.testng.reporters.JUnitXMLReporter -->
<testsuite ignored="2" hostname="QTs-MacBook-Pro.local" failures="0" tests="1" name="Android - Registered User OnDemand Gateless Reservation" time="332.632" errors="0" timestamp="2022-12-23T15:58:03 ART">
  <testcase classname="android.saucelabs.OnDemandGateless.AndroidSauceLabsOnDemandGatelessRegisteredTests" name="registeredUserOnDemandGatelessReservation" time="330.928"/>
  <testcase classname="android.saucelabs.OnDemandGateless.AndroidSauceLabsOnDemandGatelessRegisteredTests" name="registeredUserOnDemandGatelessReservationWithTimeExtension" time="0.0">
    <ignored/>
  </testcase> <!-- registeredUserOnDemandGatelessReservationWithTimeExtension -->
  <testcase classname="android.saucelabs.OnDemandGateless.AndroidSauceLabsOnDemandGatelessRegisteredTests" name="registeredUserOnDemandGatelessReservationWithPromoCode" time="0.0">
    <ignored/>
  </testcase> <!-- registeredUserOnDemandGatelessReservationWithPromoCode -->
</testsuite> <!-- Android - Registered User OnDemand Gateless Reservation -->
