<?xml version="1.0" encoding="UTF-8"?>
<!-- Generated by org.testng.reporters.JUnitXMLReporter -->
<testsuite ignored="2" hostname="QTs-MacBook-Pro.fibertel.com.ar" failures="0" tests="1" name="Positive Login Test Android" time="11.301" errors="0" timestamp="27 Jul 2022 19:52:24 GMT">
  <testcase classname="android.tests.AndroidLoginTests" name="positiveLogin" time="3.936"/>
  <testcase classname="android.tests.AndroidLoginTests" name="positiveLogin2" time="0.0">
    <ignored/>
  </testcase> <!-- positiveLogin2 -->
  <testcase classname="android.tests.AndroidLoginTests" name="negativeLoginWithInvalidCredentials" time="0.0">
    <ignored/>
  </testcase> <!-- negativeLoginWithInvalidCredentials -->
</testsuite> <!-- Positive Login Test Android -->
