<?xml version="1.0" encoding="UTF-8"?>
<testng-results ignored="2" total="3" passed="1" failed="0" skipped="0">
  <reporter-output>
  </reporter-output>
  <suite started-at="2022-12-23T15:52:30 ART" name="Android - OnDemand Gateless - Registered User" finished-at="2022-12-23T15:58:03 ART" duration-ms="332632">
    <groups>
    </groups>
    <test started-at="2022-12-23T15:52:30 ART" name="Android - Registered User OnDemand Gateless Reservation" finished-at="2022-12-23T15:58:03 ART" duration-ms="332632">
      <class name="android.saucelabs.OnDemandGateless.AndroidSauceLabsOnDemandGatelessRegisteredTests">
        <test-method signature="registeredUserOnDemandGatelessReservation(org.testng.ITestContext,java.lang.String,java.lang.String,java.lang.String)[pri:0, instance:android.saucelabs.OnDemandGateless.AndroidSauceLabsOnDemandGatelessRegisteredTests@659499f1]" started-at="2022-12-23T15:52:31 ART" name="registeredUserOnDemandGatelessReservation" data-provider="saucelabsAndroidRealDevices" finished-at="2022-12-23T15:58:02 ART" duration-ms="330928" status="PASS">
          <params>
            <param index="0">
              <value>
                <![CDATA[org.testng.TestRunner@4ca237d6]]>
              </value>
            </param>
            <param index="1">
              <value>
                <![CDATA[Android]]>
              </value>
            </param>
            <param index="2">
              <value>
                <![CDATA[11]]>
              </value>
            </param>
            <param index="3">
              <value>
                <![CDATA[Samsung Galaxy S20 WQHD GoogleAPI Emulator]]>
              </value>
            </param>
          </params>
          <reporter-output>
          </reporter-output>
        </test-method> <!-- registeredUserOnDemandGatelessReservation -->
        <test-method is-config="true" signature="tearDown(org.testng.ITestResult)[pri:0, instance:android.saucelabs.OnDemandGateless.AndroidSauceLabsOnDemandGatelessRegisteredTests@659499f1]" started-at="2022-12-23T15:58:02 ART" name="tearDown" finished-at="2022-12-23T15:58:03 ART" duration-ms="952" status="PASS">
          <params>
            <param index="0">
              <value>
                <![CDATA[[TestResult name=registeredUserOnDemandGatelessReservation status=SUCCESS method=AndroidSauceLabsOnDemandGatelessRegisteredTests.registeredUserOnDemandGatelessReservation(org.testng.ITestContext,java.lang.String,java.lang.String,java.lang.String)[pri:0, instance:android.saucelabs.OnDemandGateless.AndroidSauceLabsOnDemandGatelessRegisteredTests@659499f1] output={null}]]]>
              </value>
            </param>
          </params>
          <reporter-output>
          </reporter-output>
        </test-method> <!-- tearDown -->
      </class> <!-- android.saucelabs.OnDemandGateless.AndroidSauceLabsOnDemandGatelessRegisteredTests -->
    </test> <!-- Android - Registered User OnDemand Gateless Reservation -->
  </suite> <!-- Android - OnDemand Gateless - Registered User -->
</testng-results>
