<?xml version="1.0" encoding="UTF-8"?>
<testsuite xmlns:xsi="http://www.w3.org/2001/XMLSchema-instance" xsi:noNamespaceSchemaLocation="https://maven.apache.org/surefire/maven-surefire-plugin/xsd/surefire-test-report-3.0.xsd" version="3.0" name="TestSuite" time="334.386" tests="1" errors="0" skipped="0" failures="0">
  <properties>
[...]
</properties>
  <testcase name="registeredUserOnDemandGatelessReservation[org.testng.TestRunner@4ca237d6, Android, 11, Samsung Galaxy S20 WQHD GoogleAPI Emulator](1)" classname="android.saucelabs.OnDemandGateless.AndroidSauceLabsOnDemandGatelessRegisteredTests" time="331.036">
    <system-out><![CDATA[[TestNG-tests-1] 15:52:31,315 INFO  [Android - Registered User OnDemand Gateless Reservation] [TEST Android - Registered User OnDemand Gateless Reservation STARTED]
[TestNG-PoolService-0] 15:52:31,356 INFO  [Android - Registered User OnDemand Gateless Reservation] [Starting Android - Registered User OnDemand Gateless Reservation]
CTX: org.testng.TestRunner@4ca237d6
PLATFORM: Android
VERSION: 11
DEVICE: Samsung Galaxy S20 WQHD GoogleAPI Emulator
[TestNG-PoolService-0] 15:53:17,582 INFO  [Android - Registered User OnDemand Gateless Reservation] Let's Park button was clicked.
[TestNG-PoolService-0] 15:53:17,584 INFO  [Android - Registered User OnDemand Gateless Reservation] DASHBOARD SCREEN
[TestNG-PoolService-0] 15:53:30,829 INFO  [Android - Registered User OnDemand Gateless Reservation] Menu button was clicked. Menu is displayed.
[TestNG-PoolService-0] 15:53:33,044 INFO  [Android - Registered User OnDemand Gateless Reservation] My Account option was clicked.
[TestNG-PoolService-0] 15:53:34,514 INFO  [Android - Registered User OnDemand Gateless Reservation] ACCOUNT SCREEN
[TestNG-PoolService-0] 15:53:37,026 INFO  [Android - Registered User OnDemand Gateless Reservation] Login button was clicked.
[TestNG-PoolService-0] 15:53:40,055 INFO  [Android - Registered User OnDemand Gateless Reservation] List of users wasn't displayed.
[TestNG-PoolService-0] 15:53:41,438 INFO  [Android - Registered User OnDemand Gateless Reservation] LOGIN SCREEN
[TestNG-PoolService-0] 15:53:43,283 INFO  [Android - Registered User OnDemand Gateless Reservation] User: jcgularte@spplus.com
[TestNG-PoolService-0] 15:53:45,123 INFO  [Android - Registered User OnDemand Gateless Reservation] Password: Helloworld10
[TestNG-PoolService-0] 15:53:48,226 INFO  [Android - Registered User OnDemand Gateless Reservation] Next button was clicked.
[TestNG-PoolService-0] 15:53:53,853 INFO  [Android - Registered User OnDemand Gateless Reservation] User is signed in.
[TestNG-PoolService-0] 15:53:56,872 INFO  [Android - Registered User OnDemand Gateless Reservation] Smart Lock popup wasn't displayed.
[TestNG-PoolService-0] 15:54:00,853 INFO  [Android - Registered User OnDemand Gateless Reservation] Menu button was clicked. Menu is displayed.
[TestNG-PoolService-0] 15:54:02,287 INFO  [Android - Registered User OnDemand Gateless Reservation] User is logged in.
[TestNG-PoolService-0] 15:54:05,731 INFO  [Android - Registered User OnDemand Gateless Reservation] My Account option was clicked.
[TestNG-PoolService-0] 15:54:07,277 INFO  [Android - Registered User OnDemand Gateless Reservation] ACCOUNT SCREEN
[TestNG-PoolService-0] 15:54:17,436 INFO  [Android - Registered User OnDemand Gateless Reservation] All basic assertions for logged in user passed.
[TestNG-PoolService-0] 15:54:20,374 INFO  [Android - Registered User OnDemand Gateless Reservation] My Profile was clicked.
[TestNG-PoolService-0] 15:54:22,524 INFO  [Android - Registered User OnDemand Gateless Reservation] MY PROFILE SCREEN
[TestNG-PoolService-0] 15:54:33,899 INFO  [Android - Registered User OnDemand Gateless Reservation] All basic assertions for logged user passed.
[TestNG-PoolService-0] 15:54:34,548 INFO  [Android - Registered User OnDemand Gateless Reservation] Email is: jcgularte@spplus.com
[TestNG-PoolService-0] 15:54:35,128 INFO  [Android - Registered User OnDemand Gateless Reservation] First Name is: Juan
[TestNG-PoolService-0] 15:54:35,763 INFO  [Android - Registered User OnDemand Gateless Reservation] Last Name is: Test
[TestNG-PoolService-0] 15:54:36,418 INFO  [Android - Registered User OnDemand Gateless Reservation] Phone Prefix is: +1
[TestNG-PoolService-0] 15:54:37,168 INFO  [Android - Registered User OnDemand Gateless Reservation] Phone is: 8056843390
[TestNG-PoolService-0] 15:54:38,968 INFO  [Android - Registered User OnDemand Gateless Reservation] Back button was clicked.
[TestNG-PoolService-0] 15:54:40,520 INFO  [Android - Registered User OnDemand Gateless Reservation] ACCOUNT SCREEN
[TestNG-PoolService-0] 15:54:49,172 INFO  [Android - Registered User OnDemand Gateless Reservation] All basic assertions for logged in user passed.
[TestNG-PoolService-0] 15:54:51,575 INFO  [Android - Registered User OnDemand Gateless Reservation] My Payment Methods was clicked.
[TestNG-PoolService-0] 15:54:52,828 INFO  [Android - Registered User OnDemand Gateless Reservation] MY PAYMENT METHODS SCREEN
[TestNG-PoolService-0] 15:54:55,382 INFO  [Android - Registered User OnDemand Gateless Reservation] All basic assertions for logged user passed.
[TestNG-PoolService-0] 15:54:56,490 INFO  [Android - Registered User OnDemand Gateless Reservation] There are 1 additional cards added.
[TestNG-PoolService-0] 15:54:57,777 INFO  [Android - Registered User OnDemand Gateless Reservation] Additional card nº1 title: Master
[TestNG-PoolService-0] 15:54:58,450 INFO  [Android - Registered User OnDemand Gateless Reservation] Additional card nº1 type and number: MasterCard*4444
[TestNG-PoolService-0] 15:54:59,026 INFO  [Android - Registered User OnDemand Gateless Reservation] Default card title: Visa card
[TestNG-PoolService-0] 15:54:59,704 INFO  [Android - Registered User OnDemand Gateless Reservation] Default card type and number: Visa*1111
[TestNG-PoolService-0] 15:55:02,181 INFO  [Android - Registered User OnDemand Gateless Reservation] Back button was clicked.
[TestNG-PoolService-0] 15:55:03,943 INFO  [Android - Registered User OnDemand Gateless Reservation] ACCOUNT SCREEN
[TestNG-PoolService-0] 15:55:12,549 INFO  [Android - Registered User OnDemand Gateless Reservation] All basic assertions for logged in user passed.
[TestNG-PoolService-0] 15:55:14,892 INFO  [Android - Registered User OnDemand Gateless Reservation] My Vehicles was clicked.
[TestNG-PoolService-0] 15:55:16,033 INFO  [Android - Registered User OnDemand Gateless Reservation] MY VEHICLES SCREEN
[TestNG-PoolService-0] 15:55:19,322 INFO  [Android - Registered User OnDemand Gateless Reservation] All basic assertions for logged user passed.
[TestNG-PoolService-0] 15:55:20,541 INFO  [Android - Registered User OnDemand Gateless Reservation] There are 2 additional vehicles added.
[TestNG-PoolService-0] 15:55:21,802 INFO  [Android - Registered User OnDemand Gateless Reservation] Additional vehicle nº1 name: Stepway
[TestNG-PoolService-0] 15:55:22,443 INFO  [Android - Registered User OnDemand Gateless Reservation] Additional vehicle nº1 license plate: PIPI3044
[TestNG-PoolService-0] 15:55:23,601 INFO  [Android - Registered User OnDemand Gateless Reservation] Additional vehicle nº2 name: RTD ok
[TestNG-PoolService-0] 15:55:24,180 INFO  [Android - Registered User OnDemand Gateless Reservation] Additional vehicle nº2 license plate: 001AUB
[TestNG-PoolService-0] 15:55:24,788 INFO  [Android - Registered User OnDemand Gateless Reservation] Default vehicle name: Jeepeta
[TestNG-PoolService-0] 15:55:26,491 INFO  [Android - Registered User OnDemand Gateless Reservation] Default vehicle license plate: SL081314
[TestNG-PoolService-0] 15:55:28,152 INFO  [Android - Registered User OnDemand Gateless Reservation] Back button was clicked.
[TestNG-PoolService-0] 15:55:30,369 INFO  [Android - Registered User OnDemand Gateless Reservation] Back button was clicked.
[TestNG-PoolService-0] 15:55:32,632 INFO  [Android - Registered User OnDemand Gateless Reservation] Find Parking option was clicked.
[TestNG-PoolService-0] 15:55:39,402 INFO  [Android - Registered User OnDemand Gateless Reservation] OnDemand section is displayed.
[TestNG-PoolService-0] 15:55:47,170 INFO  [Android - Registered User OnDemand Gateless Reservation] All elements in OnDemand section were displayed correctly.
[TestNG-PoolService-0] 15:55:48,904 INFO  [Android - Registered User OnDemand Gateless Reservation] Enter Zone button was clicked.
[TestNG-PoolService-0] 15:55:51,054 INFO  [Android - Registered User OnDemand Gateless Reservation] ONDEMAND ENTER ZONE SCREEN
[TestNG-PoolService-0] 15:55:57,840 INFO  [Android - Registered User OnDemand Gateless Reservation] All elements in OnDemand Enter Zone screen were displayed correctly.
[TestNG-PoolService-0] 15:55:59,101 INFO  [Android - Registered User OnDemand Gateless Reservation] Zone code entered: 32899
[TestNG-PoolService-0] 15:56:02,491 INFO  [Android - Registered User OnDemand Gateless Reservation] Submit button was clicked.
[TestNG-PoolService-0] 15:56:07,890 INFO  [Android - Registered User OnDemand Gateless Reservation] Loader elements was not displayed.
[TestNG-PoolService-0] 15:56:19,939 INFO  [Android - Registered User OnDemand Gateless Reservation] All elements in OnDemand Zone Location screen were displayed correctly.
[TestNG-PoolService-0] 15:56:20,545 INFO  [Android - Registered User OnDemand Gateless Reservation] Address displayed: 305 W. ONTARIO
[TestNG-PoolService-0] 15:56:24,083 INFO  [Android - Registered User OnDemand Gateless Reservation] Vehicle displayed correctly.
[TestNG-PoolService-0] 15:56:29,632 INFO  [Android - Registered User OnDemand Gateless Reservation] Select Time Needed button was clicked.
[TestNG-PoolService-0] 15:56:41,660 INFO  [Android - Registered User OnDemand Gateless Reservation] Time was selected.
[TestNG-PoolService-0] 15:56:42,241 INFO  [Android - Registered User OnDemand Gateless Reservation] Loading...
[TestNG-PoolService-0] 15:56:47,329 INFO  [Android - Registered User OnDemand Gateless Reservation] CHECKOUT SCREEN
[TestNG-PoolService-0] 15:56:52,476 INFO  [Android - Registered User OnDemand Gateless Reservation] Zone code is: 32899
[TestNG-PoolService-0] 15:56:52,487 INFO  [Android - Registered User OnDemand Gateless Reservation] Location name is: 305 W. ONTARIO
[TestNG-PoolService-0] 15:56:55,244 INFO  [Android - Registered User OnDemand Gateless Reservation] License plate is: SL081314
[TestNG-PoolService-0] 15:56:57,321 INFO  [Android - Registered User OnDemand Gateless Reservation] Session duration is: 2 HOURS  SESSION
[TestNG-PoolService-0] 15:56:57,695 INFO  [Android - Registered User OnDemand Gateless Reservation] Scroll to find 'COMPLETE PURCHASE'
[TestNG-PoolService-0] 15:56:59,616 INFO  [Android - Registered User OnDemand Gateless Reservation] Price is: $28.99
[TestNG-PoolService-0] 15:57:11,936 INFO  [Android - Registered User OnDemand Gateless Reservation] The option 'Yes, send me information about special offers near me.' is checked by default.
[TestNG-PoolService-0] 15:57:14,009 INFO  [Android - Registered User OnDemand Gateless Reservation] All basic assertions for registered user passed.
[TestNG-PoolService-0] 15:57:21,880 INFO  [Android - Registered User OnDemand Gateless Reservation] Email is: jcgularte@spplus.com
[TestNG-PoolService-0] 15:57:21,882 INFO  [Android - Registered User OnDemand Gateless Reservation] Name is: Juan Test
[TestNG-PoolService-0] 15:57:21,882 INFO  [Android - Registered User OnDemand Gateless Reservation] Phone is: +18056843390
[TestNG-PoolService-0] 15:57:23,942 INFO  [Android - Registered User OnDemand Gateless Reservation] Personal information is correct.
[TestNG-PoolService-0] 15:57:24,289 INFO  [Android - Registered User OnDemand Gateless Reservation] Scroll to find 'APPLY'
[TestNG-PoolService-0] 15:57:26,256 INFO  [Android - Registered User OnDemand Gateless Reservation] Credit Card preselected is: VISA*1111
[TestNG-PoolService-0] 15:57:29,039 INFO  [Android - Registered User OnDemand Gateless Reservation] Payment information is correct.
[TestNG-PoolService-0] 15:57:29,310 INFO  [Android - Registered User OnDemand Gateless Reservation] Scroll to find 'COMPLETE PURCHASE'
COMPLETE PURCHASE BUTTON WAS CLICKED 1
[TestNG-PoolService-0] 15:57:36,058 INFO  [Android - Registered User OnDemand Gateless Reservation] COMPLETE PURCHASE button was clicked.
[TestNG-PoolService-0] 15:57:53,976 INFO  [Android - Registered User OnDemand Gateless Reservation] OD reservation was successful!
[TestNG-PoolService-0] 15:58:02,276 INFO  [Android - Registered User OnDemand Gateless Reservation] OnDemand reservation card contains the correct data.
[TestNG-PoolService-0] 15:58:02,298 INFO  [Android - Registered User OnDemand Gateless Reservation] [Test registeredUserOnDemandGatelessReservation passed]
]]></system-out>
  </testcase>
</testsuite>