<?xml version="1.0" encoding="UTF-8"?>
<testng-results ignored="2" total="3" passed="1" failed="0" skipped="0">
  <reporter-output>
  </reporter-output>
  <suite started-at="2022-07-27T19:52:13Z" name="Android - Login Tests" finished-at="2022-07-27T19:52:24Z" duration-ms="11301">
    <groups>
    </groups>
    <test started-at="2022-07-27T19:52:13Z" name="Positive Login Test Android" finished-at="2022-07-27T19:52:24Z" duration-ms="11301">
      <class name="android.tests.AndroidLoginTests">
        <test-method is-config="true" signature="setCapabilities(org.testng.ITestContext)[pri:0, instance:android.tests.AndroidLoginTests@5b04476e]" started-at="2022-07-27T19:52:13Z" name="setCapabilities" finished-at="2022-07-27T19:52:19Z" duration-ms="5816" status="PASS">
          <params>
            <param index="0">
              <value>
                <![CDATA[org.testng.TestRunner@7da34b26]]>
              </value>
            </param>
          </params>
          <reporter-output>
          </reporter-output>
        </test-method> <!-- setCapabilities -->
        <test-method is-config="true" signature="goToWelcomeScreen()[pri:0, instance:android.tests.AndroidLoginTests@5b04476e]" started-at="2022-07-27T19:52:19Z" name="goToWelcomeScreen" finished-at="2022-07-27T19:52:20Z" duration-ms="809" status="PASS">
          <reporter-output>
          </reporter-output>
        </test-method> <!-- goToWelcomeScreen -->
        <test-method signature="positiveLogin(java.lang.String, java.lang.String)[pri:0, instance:android.tests.AndroidLoginTests@5b04476e]" started-at="2022-07-27T19:52:20Z" name="positiveLogin" finished-at="2022-07-27T19:52:24Z" duration-ms="3936" status="PASS">
          <params>
            <param index="0">
              <value>
                <![CDATA[jcgularte@spplus.com]]>
              </value>
            </param>
            <param index="1">
              <value>
                <![CDATA[Helloworld10]]>
              </value>
            </param>
          </params>
          <reporter-output>
          </reporter-output>
        </test-method> <!-- positiveLogin -->
        <test-method is-config="true" signature="shutDown()[pri:0, instance:android.tests.AndroidLoginTests@5b04476e]" started-at="2022-07-27T19:52:24Z" name="shutDown" finished-at="2022-07-27T19:52:24Z" duration-ms="547" status="PASS">
          <reporter-output>
          </reporter-output>
        </test-method> <!-- shutDown -->
      </class> <!-- android.tests.AndroidLoginTests -->
    </test> <!-- Positive Login Test Android -->
  </suite> <!-- Android - Login Tests -->
</testng-results>
